<?xml version="1.0" encoding="UTF-8"?>
<!-- Generated by org.testng.reporters.JUnitReportReporter -->
<testsuite skipped="0" hostname="DESKTOP-89OTHQ5" name="comJenkinsDemo.DemoTest" tests="4" failures="0" timestamp="06 Sep 2020 10:16:43 GMT" time="1.525" errors="0">
  <testcase name="test02" time="0.010" classname="comJenkinsDemo.DemoTest"/>
  <testcase name="test03" time="0.008" classname="comJenkinsDemo.DemoTest"/>
  <testcase name="test01" time="1.494" classname="comJenkinsDemo.DemoTest"/>
  <testcase name="test04" time="0.013" classname="comJenkinsDemo.DemoTest"/>
</testsuite> <!-- comJenkinsDemo.DemoTest -->
