<?xml version="1.0" encoding="UTF-8"?>
<!-- Generated by org.testng.reporters.JUnitReportReporter -->
<testsuite skipped="0" hostname="DESKTOP-M2IH1P5" name="comJenkinsDemo.DemoTest" tests="3" failures="0" timestamp="15 Sep 2020 11:07:39 GMT" time="11.756" errors="0">
  <testcase name="test01" time="11.732" classname="comJenkinsDemo.DemoTest"/>
  <testcase name="test02" time="0.016" classname="comJenkinsDemo.DemoTest"/>
  <testcase name="test03" time="0.008" classname="comJenkinsDemo.DemoTest"/>
</testsuite> <!-- comJenkinsDemo.DemoTest -->
